  main.cpp
d:\desktops\admin\desktop\rustam\development\git\algorithms\bigint\bigint\main.cpp(15): error C2280: 'BigInt::BigInt(const std::string &)' : attempting to reference a deleted function
          d:\desktops\admin\desktop\rustam\development\git\algorithms\bigint\bigint\bigint.h(30) : see declaration of 'BigInt::BigInt'
  BigInt.cpp
d:\desktops\admin\desktop\rustam\development\git\algorithms\bigint\bigint\bigint.cpp(47): error C2084: function 'BigInt::BigInt(const std::string &)' already has a body
          d:\desktops\admin\desktop\rustam\development\git\algorithms\bigint\bigint\bigint.h(30) : see previous definition of '{ctor}'
  Generating Code...

Project Performance Summary:
      740 ms  D:\Desktops\Admin\Desktop\Rustam\Development\Git\Algorithms\BigInt\BigInt\BigInt.vcxproj   1 calls
                740 ms  Build                                      1 calls

Target Performance Summary:
        0 ms  _BuildGenerateSourcesAction                1 calls
        0 ms  BuildGenerateSources                       1 calls
        0 ms  ResolveSDKReferences                       1 calls
        0 ms  BuildGenerateSourcesTraverse               1 calls
        0 ms  AssignProjectConfiguration                 1 calls
        0 ms  ComputeMIDLGeneratedCompileInputs          1 calls
        0 ms  SelectClCompile                            1 calls
        0 ms  GetReferenceAssemblyPaths                  1 calls
        0 ms  ResolveProjectReferences                   1 calls
        0 ms  _Midl                                      1 calls
        0 ms  AfterResolveReferences                     1 calls
        0 ms  PlatformPrepareForBuild                    1 calls
        0 ms  MakeDirsForCl                              1 calls
        0 ms  AfterBuildGenerateSources                  1 calls
        0 ms  BuildCompileTraverse                       1 calls
        0 ms  ComputeReferenceCLInput                    1 calls
        0 ms  GetInstalledSDKLocations                   1 calls
        0 ms  ResolveReferences                          1 calls
        0 ms  AfterMidl                                  1 calls
        0 ms  BeforeResolveReferences                    1 calls
        0 ms  BeforeClCompile                            1 calls
        0 ms  PreBuildEvent                              1 calls
        0 ms  ComputeCLInputPDBName                      1 calls
        0 ms  ExpandSDKReferences                        1 calls
        0 ms  GetResolvedWinMD                           1 calls
        0 ms  SelectCustomBuild                          1 calls
        0 ms  BeforeBuildGenerateSources                 1 calls
        0 ms  _Xsd                                       1 calls
        0 ms  _PrepareForReferenceResolution             1 calls
        0 ms  AfterBuildGenerateSourcesEvent             1 calls
        1 ms  WarnCompileDuplicatedFilename              1 calls
        1 ms  GetFrameworkPaths                          1 calls
        1 ms  _PrepareForBuild                           1 calls
        1 ms  MakeDirsForMidl                            1 calls
        1 ms  ResolveAssemblyReferences                  1 calls
        1 ms  _SelectedFiles                             1 calls
        1 ms  _SplitProjectReferencesByFileExistence     1 calls
        1 ms  SetBuildDefaultEnvironmentVariables        1 calls
        2 ms  PrepareForBuild                            1 calls
        2 ms  _CheckForInvalidConfigurationAndPlatform   1 calls
        4 ms  InitializeBuildStatus                      1 calls
        6 ms  SetCABuildNativeEnvironmentVariables       1 calls
      718 ms  ClCompile                                  1 calls
